12/7/2017 2:53:34 PM	This log contains information about the import schema operation into project 'ClrTrigger' on computer 'MIA-SQL' by user 'Administrator'.
12/7/2017 2:53:34 PM	Import of database schema has started.
12/7/2017 2:53:47 PM	Gathering database credentials
12/7/2017 2:53:47 PM	Gathering database options
12/7/2017 2:53:48 PM	Gathering users
12/7/2017 2:53:48 PM	Gathering roles
12/7/2017 2:53:48 PM	Gathering application roles
12/7/2017 2:53:48 PM	Gathering role memberships
12/7/2017 2:53:48 PM	Gathering filegroups
12/7/2017 2:53:48 PM	Gathering full-text catalogs
12/7/2017 2:53:48 PM	Gathering assemblies
12/7/2017 2:53:48 PM	Gathering certificates
12/7/2017 2:53:48 PM	Gathering asymmetric keys
12/7/2017 2:53:48 PM	Gathering symmetric keys
12/7/2017 2:53:48 PM	Gathering encrypted symmetric keys
12/7/2017 2:53:48 PM	Gathering schemas
12/7/2017 2:53:48 PM	Gathering XML schema collections
12/7/2017 2:53:48 PM	Gathering user-defined data types
12/7/2017 2:53:48 PM	Gathering user-defined types
12/7/2017 2:53:48 PM	Gathering table types
12/7/2017 2:53:48 PM	Gathering unique keys for table types
12/7/2017 2:53:48 PM	Gathering primary keys for table types
12/7/2017 2:53:48 PM	Gathering indexes for table types
12/7/2017 2:53:48 PM	Gathering check constraints for table types
12/7/2017 2:53:48 PM	Gathering default constraints for table types
12/7/2017 2:53:48 PM	Gathering partition functions
12/7/2017 2:53:48 PM	Gathering partition schemes
12/7/2017 2:53:48 PM	Gathering functions
12/7/2017 2:53:48 PM	Gathering encrypted functions
12/7/2017 2:53:48 PM	Gathering aggregates
12/7/2017 2:53:48 PM	Gathering procedures
12/7/2017 2:53:48 PM	Gathering encrypted procedures
12/7/2017 2:53:48 PM	Gathering tables
12/7/2017 2:53:48 PM	Gathering primary keys
12/7/2017 2:53:48 PM	Gathering unique constraints
12/7/2017 2:53:48 PM	Gathering foreign keys
12/7/2017 2:53:48 PM	Gathering default constraints
12/7/2017 2:53:48 PM	Gathering check constraints
12/7/2017 2:53:48 PM	Gathering views
12/7/2017 2:53:48 PM	Gathering encrypted views
12/7/2017 2:53:48 PM	Gathering indexes
12/7/2017 2:53:48 PM	Gathering statistics
12/7/2017 2:53:48 PM	Gathering full-text index stoplists
12/7/2017 2:53:48 PM	Gathering search property lists
12/7/2017 2:53:48 PM	Gathering search properties
12/7/2017 2:53:48 PM	Gathering full-text indexes
12/7/2017 2:53:48 PM	Gathering column store indexes
12/7/2017 2:53:48 PM	Gathering spatial indexes
12/7/2017 2:53:48 PM	Gathering XML indexes
12/7/2017 2:53:48 PM	Gathering Selective XML indexes
12/7/2017 2:53:48 PM	Gathering encrypted triggers
12/7/2017 2:53:48 PM	Gathering triggers
12/7/2017 2:53:48 PM	Gathering encrypted and clr ddl triggers
12/7/2017 2:53:48 PM	Gathering ddl triggers
12/7/2017 2:53:48 PM	Gathering synonyms
12/7/2017 2:53:48 PM	Gathering defaults
12/7/2017 2:53:48 PM	Gathering data constraint uddt bindings
12/7/2017 2:53:48 PM	Gathering rules
12/7/2017 2:53:49 PM	Gathering data constraint uddt bindings
12/7/2017 2:53:49 PM	Gathering message types
12/7/2017 2:53:49 PM	Gathering queues
12/7/2017 2:53:49 PM	Gathering contracts
12/7/2017 2:53:49 PM	Gathering services
12/7/2017 2:53:49 PM	Gathering event notifications
12/7/2017 2:53:49 PM	Gathering remote service bindings
12/7/2017 2:53:49 PM	Gathering broker priorities
12/7/2017 2:53:49 PM	Gathering signatures
12/7/2017 2:53:49 PM	Gathering data compression options
12/7/2017 2:53:49 PM	Gathering sequence types
12/7/2017 2:53:49 PM	Gathering security policies
12/7/2017 2:53:49 PM	Gather column encryption keys
12/7/2017 2:53:49 PM	Gathering column master keys
12/7/2017 2:53:49 PM	Gathering external data sources
12/7/2017 2:53:49 PM	Gathering external file formats
12/7/2017 2:53:49 PM	Gathering external tables
12/7/2017 2:53:49 PM	Gathering extended properties
12/7/2017 2:53:49 PM	Gathering credentials
12/7/2017 2:53:49 PM	Gathering logins
12/7/2017 2:53:49 PM	Gathering server audits
12/7/2017 2:53:49 PM	Scanning project for duplicate elements
12/7/2017 2:53:49 PM	Finished duplicate element processing
12/7/2017 2:53:50 PM	Finished importing database.
12/7/2017 2:53:50 PM	A summary of the import was saved to the following location: C:\Instructor\13-ClrComponents\ClrTrigger\ClrTrigger\Import Schema Logs\ClrTrigger_20171207105334.log
12/7/2017 2:53:50 PM	Click Finish to continue...
